# JRE version: Java(TM) SE Runtime Environment (9.0+11) (build 9.0.4+11)
# Java VM: Java HotSpot(TM) 64-Bit Server VM (9.0.4+11, mixed mode, tiered, compressed oops, g1 gc, windows-amd64)
Heap:
 garbage-first heap   total 327680K, used 138676K [0x0000000700000000, 0x0000000700100a00, 0x00000007c0000000)
  region size 1024K, 5 young (5120K), 0 survivors (0K)
 Metaspace       used 96440K, capacity 98696K, committed 106288K, reserved 1140736K
  class space    used 13100K, capacity 13566K, committed 15152K, reserved 1048576K
GC Heap History (10 events):
Event: 4924.351 GC heap before
{Heap before GC invocations=843 (full 36):
 garbage-first heap   total 272384K, used 199565K [0x0000000700000000, 0x0000000700100850, 0x00000007c0000000)
  region size 1024K, 60 young (61440K), 2 survivors (2048K)
 Metaspace       used 96253K, capacity 98400K, committed 106288K, reserved 1140736K
  class space    used 13068K, capacity 13516K, committed 15152K, reserved 1048576K
}
Event: 4924.356 GC heap after
{Heap after GC invocations=844 (full 36):
 garbage-first heap   total 272384K, used 140271K [0x0000000700000000, 0x0000000700100850, 0x00000007c0000000)
  region size 1024K, 2 young (2048K), 2 survivors (2048K)
 Metaspace       used 96253K, capacity 98400K, committed 106288K, reserved 1140736K
  class space    used 13068K, capacity 13516K, committed 15152K, reserved 1048576K
}
Event: 4924.646 GC heap before
{Heap before GC invocations=845 (full 36):
 garbage-first heap   total 272384K, used 199663K [0x0000000700000000, 0x0000000700100850, 0x00000007c0000000)
  region size 1024K, 60 young (61440K), 2 survivors (2048K)
 Metaspace       used 96256K, capacity 98400K, committed 106288K, reserved 1140736K
  class space    used 13068K, capacity 13516K, committed 15152K, reserved 1048576K
}
Event: 4924.651 GC heap after
{Heap after GC invocations=846 (full 36):
 garbage-first heap   total 272384K, used 140443K [0x0000000700000000, 0x0000000700100850, 0x00000007c0000000)
  region size 1024K, 2 young (2048K), 2 survivors (2048K)
 Metaspace       used 96256K, capacity 98400K, committed 106288K, reserved 1140736K
  class space    used 13068K, capacity 13516K, committed 15152K, reserved 1048576K
}
Event: 4929.753 GC heap before
{Heap before GC invocations=846 (full 36):
 garbage-first heap   total 272384K, used 199835K [0x0000000700000000, 0x0000000700100850, 0x00000007c0000000)
  region size 1024K, 60 young (61440K), 2 survivors (2048K)
 Metaspace       used 96375K, capacity 98620K, committed 106288K, reserved 1140736K
  class space    used 13097K, capacity 13564K, committed 15152K, reserved 1048576K
}
Event: 4929.762 GC heap after
{Heap after GC invocations=847 (full 36):
 garbage-first heap   total 327680K, used 141501K [0x0000000700000000, 0x0000000700100a00, 0x00000007c0000000)
  region size 1024K, 3 young (3072K), 3 survivors (3072K)
 Metaspace       used 96375K, capacity 98620K, committed 106288K, reserved 1140736K
  class space    used 13097K, capacity 13564K, committed 15152K, reserved 1048576K
}
Event: 4931.286 GC heap before
{Heap before GC invocations=848 (full 36):
 garbage-first heap   total 327680K, used 199869K [0x0000000700000000, 0x0000000700100a00, 0x00000007c0000000)
  region size 1024K, 60 young (61440K), 3 survivors (3072K)
 Metaspace       used 96439K, capacity 98696K, committed 106288K, reserved 1140736K
  class space    used 13100K, capacity 13566K, committed 15152K, reserved 1048576K
}
Event: 4931.292 GC heap after
{Heap after GC invocations=849 (full 36):
 garbage-first heap   total 327680K, used 138453K [0x0000000700000000, 0x0000000700100a00, 0x00000007c0000000)
  region size 1024K, 3 young (3072K), 3 survivors (3072K)
 Metaspace       used 96439K, capacity 98696K, committed 106288K, reserved 1140736K
  class space    used 13100K, capacity 13566K, committed 15152K, reserved 1048576K
}
Event: 4933.414 GC heap before
{Heap before GC invocations=849 (full 36):
 garbage-first heap   total 327680K, used 156885K [0x0000000700000000, 0x0000000700100a00, 0x00000007c0000000)
  region size 1024K, 22 young (22528K), 3 survivors (3072K)
 Metaspace       used 96439K, capacity 98696K, committed 106288K, reserved 1140736K
  class space    used 13100K, capacity 13566K, committed 15152K, reserved 1048576K
}
Event: 4933.766 GC heap after
{Heap after GC invocations=850 (full 37):
 garbage-first heap   total 327680K, used 134580K [0x0000000700000000, 0x0000000700100a00, 0x00000007c0000000)
  region size 1024K, 0 young (0K), 0 survivors (0K)
 Metaspace       used 96439K, capacity 98696K, committed 106288K, reserved 1140736K
  class space    used 13100K, capacity 13566K, committed 15152K, reserved 1048576K
}

